2021-06-11 09:39:13,779 - INFO - Beginning execution of dms2_bcsubamp in directory /Users/jamesdargan/DS/Mollie/Final_SRF_WIP

2021-06-11 09:39:13,779 - INFO - Progress is being logged to ./exp1_results/codoncounts/A3C-A3C.log
2021-06-11 09:39:13,796 - INFO - Version information:
	Time and date: Fri Jun 11 09:39:13 2021
	Platform: Darwin-20.3.0-x86_64-i386-64bit
	Python version: 3.7.6 (default, Jan  8 2020, 13:42:34)  [Clang 4.0.1 (tags/RELEASE_401/final)]
	dms_tools2 version: 2.6.6
	Bio version: 1.77
	pandas version: 0.25.3
	numpy version: 1.18.2
	IPython version: 7.19.0
	jupyter version unknown
	matplotlib version: 3.2.2
	plotnine version: 0.7.0
	natsort version: 7.0.1
	pystan version: 2.19.1.1
	scipy version: 1.4.1
	seaborn version: 0.11.0
	phydmslib version: 2.3.8
	statsmodels version: 0.11.1
	rpy2 cannot be imported
	regex version: 2.5.77
	umi_tools version: 1.0.1

2021-06-11 09:39:13,796 - INFO - Parsed the following arguments:
	outdir = ./exp1_results/codoncounts
	ncpus = -1
	use_existing = no
	refseq = ./data/Bru_Pol.fasta
	alignspecs = ['205,504,35,34']
	bclen = 8
	fastqdir = ./exp1_results/FASTQ_files/
	R2 = None
	R1trim = [200]
	R2trim = [170]
	bclen2 = None
	chartype = codon
	maxmuts = 33
	minq = 17
	minreads = 2
	minfraccall = 0.95
	minconcur = 0.75
	sitemask = ./data/sitemask.csv
	purgeread = 0.0
	purgebc = 0.0
	bcinfo = True
	bcinfo_csv = True
	name = A3C-A3C
	R1 = ['A3C-A3C_S8_L001_R1_001.fastq.gz']

2021-06-11 09:39:13,797 - INFO - Removing existing file ./exp1_results/codoncounts/A3C-A3C_codoncounts.csv
2021-06-11 09:39:13,797 - INFO - Removing existing file ./exp1_results/codoncounts/A3C-A3C_readstats.csv
2021-06-11 09:39:13,798 - INFO - Removing existing file ./exp1_results/codoncounts/A3C-A3C_readsperbc.csv
2021-06-11 09:39:13,798 - INFO - Removing existing file ./exp1_results/codoncounts/A3C-A3C_bcstats.csv
2021-06-11 09:39:13,798 - INFO - Removing existing file ./exp1_results/codoncounts/A3C-A3C_bcinfo.csv.gz
2021-06-11 09:39:13,814 - INFO - Read refseq of 3048 codons from ./data/Bru_Pol.fasta
2021-06-11 09:39:13,815 - INFO - Reads are in these FASTQ pairs:
	./exp1_results/FASTQ_files/A3C-A3C_S8_L001_R1_001.fastq.gz and ./exp1_results/FASTQ_files/A3C-A3C_S8_L001_R2_001.fastq.gz

2021-06-11 09:39:13,815 - INFO - Now parsing read pairs...
2021-06-11 09:39:23,994 - INFO - Reads parsed so far: 500000
2021-06-11 09:39:34,392 - INFO - Reads parsed so far: 1000000
2021-06-11 09:39:44,094 - INFO - Reads parsed so far: 1500000
2021-06-11 09:39:54,674 - INFO - Reads parsed so far: 2000000
2021-06-11 09:39:57,287 - INFO - Parsed 2133650 reads, found 350590 unique barcodes.
2021-06-11 09:39:57,300 - INFO - Summary stats on reads:
   total  fail filter  low Q barcode
 2133650            0         153071
2021-06-11 09:39:57,301 - INFO - Writing these stats to ./exp1_results/codoncounts/A3C-A3C_readstats.csv

2021-06-11 09:39:57,484 - INFO - Number of reads per barcode:
                 number of barcodes
number of reads                    
1                            100506
2                              7937
3                             11435
4                             18660
5                             26444
6                             32014
7                             33689
8                             32572
9                             27581
10                            21293
11                            15284
12                            10055
13                             6011
14                             3510
15                             1810
16                              969
17                              441
18                              196
19                              104
20                               39
21                               16
22                               14
23                                2
24                                4
25                                1
26                                2
27                                1
2021-06-11 09:39:57,484 - INFO - Writing these stats to ./exp1_results/codoncounts/A3C-A3C_readsperbc.csv

2021-06-11 09:39:57,485 - INFO - Examining the 350590 barcodes to build and align subamplicons...
2021-06-11 09:40:17,764 - INFO - Barcodes examined so far: 200000
2021-06-11 09:40:25,642 - INFO - Examined all barcodes. Summary stats:
  total  too few reads  not alignable  aligned
 350590         100506           7159   242925
2021-06-11 09:40:25,643 - INFO - Writing these stats to ./exp1_results/codoncounts/A3C-A3C_bcstats.csv

2021-06-11 09:40:25,671 - INFO - Filtering to only sites listed in sitemask ./data/sitemask.csv
2021-06-11 09:40:25,870 - INFO - Filtered from 1016 to 101 sites.
2021-06-11 09:40:25,870 - INFO - Writing the counts of each codon identity at each site to ./exp1_results/codoncounts/A3C-A3C_codoncounts.csv

2021-06-11 09:40:25,880 - INFO - Successful completion of dms2_bcsubamp
