2021-06-11 09:34:48,472 - INFO - Beginning execution of dms2_bcsubamp in directory /Users/jamesdargan/DS/Mollie/Final_SRF_WIP

2021-06-11 09:34:48,472 - INFO - Progress is being logged to ./exp1_results/codoncounts/A3C-I188.log
2021-06-11 09:34:48,488 - INFO - Version information:
	Time and date: Fri Jun 11 09:34:48 2021
	Platform: Darwin-20.3.0-x86_64-i386-64bit
	Python version: 3.7.6 (default, Jan  8 2020, 13:42:34)  [Clang 4.0.1 (tags/RELEASE_401/final)]
	dms_tools2 version: 2.6.6
	Bio version: 1.77
	pandas version: 0.25.3
	numpy version: 1.18.2
	IPython version: 7.19.0
	jupyter version unknown
	matplotlib version: 3.2.2
	plotnine version: 0.7.0
	natsort version: 7.0.1
	pystan version: 2.19.1.1
	scipy version: 1.4.1
	seaborn version: 0.11.0
	phydmslib version: 2.3.8
	statsmodels version: 0.11.1
	rpy2 cannot be imported
	regex version: 2.5.77
	umi_tools version: 1.0.1

2021-06-11 09:34:48,489 - INFO - Parsed the following arguments:
	outdir = ./exp1_results/codoncounts
	ncpus = -1
	use_existing = no
	refseq = ./data/Bru_Pol.fasta
	alignspecs = ['205,504,35,34']
	bclen = 8
	fastqdir = ./exp1_results/FASTQ_files/
	R2 = None
	R1trim = [200]
	R2trim = [170]
	bclen2 = None
	chartype = codon
	maxmuts = 33
	minq = 17
	minreads = 2
	minfraccall = 0.95
	minconcur = 0.75
	sitemask = ./data/sitemask.csv
	purgeread = 0.0
	purgebc = 0.0
	bcinfo = True
	bcinfo_csv = True
	name = A3C-I188
	R1 = ['A3C-I188_S5_L001_R1_001.fastq.gz']

2021-06-11 09:34:48,489 - INFO - Removing existing file ./exp1_results/codoncounts/A3C-I188_codoncounts.csv
2021-06-11 09:34:48,489 - INFO - Removing existing file ./exp1_results/codoncounts/A3C-I188_readstats.csv
2021-06-11 09:34:48,490 - INFO - Removing existing file ./exp1_results/codoncounts/A3C-I188_readsperbc.csv
2021-06-11 09:34:48,490 - INFO - Removing existing file ./exp1_results/codoncounts/A3C-I188_bcstats.csv
2021-06-11 09:34:48,490 - INFO - Removing existing file ./exp1_results/codoncounts/A3C-I188_bcinfo.csv.gz
2021-06-11 09:34:48,561 - INFO - Read refseq of 3048 codons from ./data/Bru_Pol.fasta
2021-06-11 09:34:48,562 - INFO - Reads are in these FASTQ pairs:
	./exp1_results/FASTQ_files/A3C-I188_S5_L001_R1_001.fastq.gz and ./exp1_results/FASTQ_files/A3C-I188_S5_L001_R2_001.fastq.gz

2021-06-11 09:34:48,562 - INFO - Now parsing read pairs...
2021-06-11 09:34:59,598 - INFO - Reads parsed so far: 500000
2021-06-11 09:35:09,488 - INFO - Reads parsed so far: 1000000
2021-06-11 09:35:21,167 - INFO - Reads parsed so far: 1500000
2021-06-11 09:35:28,112 - INFO - Parsed 1874697 reads, found 721797 unique barcodes.
2021-06-11 09:35:28,121 - INFO - Summary stats on reads:
   total  fail filter  low Q barcode
 1874697            0         129935
2021-06-11 09:35:28,121 - INFO - Writing these stats to ./exp1_results/codoncounts/A3C-I188_readstats.csv

2021-06-11 09:35:28,437 - INFO - Number of reads per barcode:
                 number of barcodes
number of reads                    
1                            268449
2                            161854
3                            132659
4                             84723
5                             44292
6                             19241
7                              7148
8                              2416
9                               775
10                              180
11                               49
12                                4
13                                5
14                                1
25                                1
2021-06-11 09:35:28,437 - INFO - Writing these stats to ./exp1_results/codoncounts/A3C-I188_readsperbc.csv

2021-06-11 09:35:28,439 - INFO - Examining the 721797 barcodes to build and align subamplicons...
2021-06-11 09:35:46,403 - INFO - Barcodes examined so far: 200000
2021-06-11 09:36:02,718 - INFO - Barcodes examined so far: 400000
2021-06-11 09:36:15,966 - INFO - Barcodes examined so far: 600000
2021-06-11 09:36:20,183 - INFO - Examined all barcodes. Summary stats:
  total  too few reads  not alignable  aligned
 721797         268449          20134   433214
2021-06-11 09:36:20,183 - INFO - Writing these stats to ./exp1_results/codoncounts/A3C-I188_bcstats.csv

2021-06-11 09:36:20,208 - INFO - Filtering to only sites listed in sitemask ./data/sitemask.csv
2021-06-11 09:36:21,188 - INFO - Filtered from 1016 to 101 sites.
2021-06-11 09:36:21,189 - INFO - Writing the counts of each codon identity at each site to ./exp1_results/codoncounts/A3C-I188_codoncounts.csv

2021-06-11 09:36:21,198 - INFO - Successful completion of dms2_bcsubamp
