2021-06-11 09:43:35,018 - INFO - Beginning execution of dms2_bcsubamp in directory /Users/jamesdargan/DS/Mollie/Final_SRF_WIP

2021-06-11 09:43:35,019 - INFO - Progress is being logged to ./exp1_results/codoncounts/A3H-hapII-A3C-I188.log
2021-06-11 09:43:35,044 - INFO - Version information:
	Time and date: Fri Jun 11 09:43:35 2021
	Platform: Darwin-20.3.0-x86_64-i386-64bit
	Python version: 3.7.6 (default, Jan  8 2020, 13:42:34)  [Clang 4.0.1 (tags/RELEASE_401/final)]
	dms_tools2 version: 2.6.6
	Bio version: 1.77
	pandas version: 0.25.3
	numpy version: 1.18.2
	IPython version: 7.19.0
	jupyter version unknown
	matplotlib version: 3.2.2
	plotnine version: 0.7.0
	natsort version: 7.0.1
	pystan version: 2.19.1.1
	scipy version: 1.4.1
	seaborn version: 0.11.0
	phydmslib version: 2.3.8
	statsmodels version: 0.11.1
	rpy2 cannot be imported
	regex version: 2.5.77
	umi_tools version: 1.0.1

2021-06-11 09:43:35,046 - INFO - Parsed the following arguments:
	outdir = ./exp1_results/codoncounts
	ncpus = -1
	use_existing = no
	refseq = ./data/Bru_Pol.fasta
	alignspecs = ['205,504,35,34']
	bclen = 8
	fastqdir = ./exp1_results/FASTQ_files/
	R2 = None
	R1trim = [200]
	R2trim = [170]
	bclen2 = None
	chartype = codon
	maxmuts = 33
	minq = 17
	minreads = 2
	minfraccall = 0.95
	minconcur = 0.75
	sitemask = ./data/sitemask.csv
	purgeread = 0.0
	purgebc = 0.0
	bcinfo = True
	bcinfo_csv = True
	name = A3H-hapII-A3C-I188
	R1 = ['A3H-hapII-A3C-I188_S12_L001_R1_001.fastq.gz']

2021-06-11 09:43:35,047 - INFO - Removing existing file ./exp1_results/codoncounts/A3H-hapII-A3C-I188_codoncounts.csv
2021-06-11 09:43:35,047 - INFO - Removing existing file ./exp1_results/codoncounts/A3H-hapII-A3C-I188_readstats.csv
2021-06-11 09:43:35,047 - INFO - Removing existing file ./exp1_results/codoncounts/A3H-hapII-A3C-I188_readsperbc.csv
2021-06-11 09:43:35,050 - INFO - Removing existing file ./exp1_results/codoncounts/A3H-hapII-A3C-I188_bcstats.csv
2021-06-11 09:43:35,050 - INFO - Removing existing file ./exp1_results/codoncounts/A3H-hapII-A3C-I188_bcinfo.csv.gz
2021-06-11 09:43:35,077 - INFO - Read refseq of 3048 codons from ./data/Bru_Pol.fasta
2021-06-11 09:43:35,078 - INFO - Reads are in these FASTQ pairs:
	./exp1_results/FASTQ_files/A3H-hapII-A3C-I188_S12_L001_R1_001.fastq.gz and ./exp1_results/FASTQ_files/A3H-hapII-A3C-I188_S12_L001_R2_001.fastq.gz

2021-06-11 09:43:35,078 - INFO - Now parsing read pairs...
2021-06-11 09:43:46,006 - INFO - Reads parsed so far: 500000
2021-06-11 09:43:55,451 - INFO - Reads parsed so far: 1000000
2021-06-11 09:44:04,782 - INFO - Reads parsed so far: 1500000
2021-06-11 09:44:08,379 - INFO - Parsed 1707632 reads, found 808158 unique barcodes.
2021-06-11 09:44:08,385 - INFO - Summary stats on reads:
   total  fail filter  low Q barcode
 1707632            0         131856
2021-06-11 09:44:08,385 - INFO - Writing these stats to ./exp1_results/codoncounts/A3H-hapII-A3C-I188_readstats.csv

2021-06-11 09:44:08,704 - INFO - Number of reads per barcode:
                 number of barcodes
number of reads                    
1                            379993
2                            215746
3                            126371
4                             56576
5                             20899
6                              6297
7                              1753
8                               421
9                                79
10                               15
11                                5
12                                2
18                                1
2021-06-11 09:44:08,704 - INFO - Writing these stats to ./exp1_results/codoncounts/A3H-hapII-A3C-I188_readsperbc.csv

2021-06-11 09:44:08,706 - INFO - Examining the 808158 barcodes to build and align subamplicons...
2021-06-11 09:44:25,034 - INFO - Barcodes examined so far: 200000
2021-06-11 09:44:39,522 - INFO - Barcodes examined so far: 400000
2021-06-11 09:44:51,336 - INFO - Barcodes examined so far: 600000
2021-06-11 09:44:58,166 - INFO - Barcodes examined so far: 800000
2021-06-11 09:44:58,270 - INFO - Examined all barcodes. Summary stats:
  total  too few reads  not alignable  aligned
 808158         379993          26922   401243
2021-06-11 09:44:58,270 - INFO - Writing these stats to ./exp1_results/codoncounts/A3H-hapII-A3C-I188_bcstats.csv

2021-06-11 09:44:58,295 - INFO - Filtering to only sites listed in sitemask ./data/sitemask.csv
2021-06-11 09:44:58,467 - INFO - Filtered from 1016 to 101 sites.
2021-06-11 09:44:58,467 - INFO - Writing the counts of each codon identity at each site to ./exp1_results/codoncounts/A3H-hapII-A3C-I188_codoncounts.csv

2021-06-11 09:44:58,477 - INFO - Successful completion of dms2_bcsubamp
