2021-06-11 09:36:28,615 - INFO - Beginning execution of dms2_bcsubamp in directory /Users/jamesdargan/DS/Mollie/Final_SRF_WIP

2021-06-11 09:36:28,618 - INFO - Progress is being logged to ./exp1_results/codoncounts/A3H-hapI.log
2021-06-11 09:36:28,634 - INFO - Version information:
	Time and date: Fri Jun 11 09:36:28 2021
	Platform: Darwin-20.3.0-x86_64-i386-64bit
	Python version: 3.7.6 (default, Jan  8 2020, 13:42:34)  [Clang 4.0.1 (tags/RELEASE_401/final)]
	dms_tools2 version: 2.6.6
	Bio version: 1.77
	pandas version: 0.25.3
	numpy version: 1.18.2
	IPython version: 7.19.0
	jupyter version unknown
	matplotlib version: 3.2.2
	plotnine version: 0.7.0
	natsort version: 7.0.1
	pystan version: 2.19.1.1
	scipy version: 1.4.1
	seaborn version: 0.11.0
	phydmslib version: 2.3.8
	statsmodels version: 0.11.1
	rpy2 cannot be imported
	regex version: 2.5.77
	umi_tools version: 1.0.1

2021-06-11 09:36:28,634 - INFO - Parsed the following arguments:
	outdir = ./exp1_results/codoncounts
	ncpus = -1
	use_existing = no
	refseq = ./data/Bru_Pol.fasta
	alignspecs = ['205,504,35,34']
	bclen = 8
	fastqdir = ./exp1_results/FASTQ_files/
	R2 = None
	R1trim = [200]
	R2trim = [170]
	bclen2 = None
	chartype = codon
	maxmuts = 33
	minq = 17
	minreads = 2
	minfraccall = 0.95
	minconcur = 0.75
	sitemask = ./data/sitemask.csv
	purgeread = 0.0
	purgebc = 0.0
	bcinfo = True
	bcinfo_csv = True
	name = A3H-hapI
	R1 = ['A3H-hapI_S6_L001_R1_001.fastq.gz']

2021-06-11 09:36:28,635 - INFO - Removing existing file ./exp1_results/codoncounts/A3H-hapI_codoncounts.csv
2021-06-11 09:36:28,635 - INFO - Removing existing file ./exp1_results/codoncounts/A3H-hapI_readstats.csv
2021-06-11 09:36:28,635 - INFO - Removing existing file ./exp1_results/codoncounts/A3H-hapI_readsperbc.csv
2021-06-11 09:36:28,636 - INFO - Removing existing file ./exp1_results/codoncounts/A3H-hapI_bcstats.csv
2021-06-11 09:36:28,636 - INFO - Removing existing file ./exp1_results/codoncounts/A3H-hapI_bcinfo.csv.gz
2021-06-11 09:36:28,704 - INFO - Read refseq of 3048 codons from ./data/Bru_Pol.fasta
2021-06-11 09:36:28,705 - INFO - Reads are in these FASTQ pairs:
	./exp1_results/FASTQ_files/A3H-hapI_S6_L001_R1_001.fastq.gz and ./exp1_results/FASTQ_files/A3H-hapI_S6_L001_R2_001.fastq.gz

2021-06-11 09:36:28,705 - INFO - Now parsing read pairs...
2021-06-11 09:36:39,657 - INFO - Reads parsed so far: 500000
2021-06-11 09:36:49,606 - INFO - Reads parsed so far: 1000000
2021-06-11 09:36:55,352 - INFO - Parsed 1303472 reads, found 546463 unique barcodes.
2021-06-11 09:36:55,356 - INFO - Summary stats on reads:
   total  fail filter  low Q barcode
 1303472            0         106092
2021-06-11 09:36:55,356 - INFO - Writing these stats to ./exp1_results/codoncounts/A3H-hapI_readstats.csv

2021-06-11 09:36:55,588 - INFO - Number of reads per barcode:
                 number of barcodes
number of reads                    
1                            216738
2                            144321
3                             99381
4                             52293
5                             22307
6                              8023
7                              2491
8                               685
9                               171
10                               43
11                                7
12                                1
13                                1
24                                1
2021-06-11 09:36:55,588 - INFO - Writing these stats to ./exp1_results/codoncounts/A3H-hapI_readsperbc.csv

2021-06-11 09:36:55,590 - INFO - Examining the 546463 barcodes to build and align subamplicons...
2021-06-11 09:37:12,491 - INFO - Barcodes examined so far: 200000
2021-06-11 09:37:26,529 - INFO - Barcodes examined so far: 400000
2021-06-11 09:37:32,107 - INFO - Examined all barcodes. Summary stats:
  total  too few reads  not alignable  aligned
 546463         216738          14880   314845
2021-06-11 09:37:32,107 - INFO - Writing these stats to ./exp1_results/codoncounts/A3H-hapI_bcstats.csv

2021-06-11 09:37:32,132 - INFO - Filtering to only sites listed in sitemask ./data/sitemask.csv
2021-06-11 09:37:32,307 - INFO - Filtered from 1016 to 101 sites.
2021-06-11 09:37:32,308 - INFO - Writing the counts of each codon identity at each site to ./exp1_results/codoncounts/A3H-hapI_codoncounts.csv

2021-06-11 09:37:32,317 - INFO - Successful completion of dms2_bcsubamp
