2021-03-28 17:00:35,385 - INFO - Beginning execution of dms2_batch_bcsubamp in directory /Users/jamesdargan/DS/Mollie/Final_SRF_WIP

2021-03-28 17:00:35,385 - INFO - Progress is being logged to ./exp2_results/codoncounts/summary.log
2021-03-28 17:00:35,419 - INFO - Version information:
	Time and date: Sun Mar 28 17:00:35 2021
	Platform: Darwin-20.3.0-x86_64-i386-64bit
	Python version: 3.7.6 (default, Jan  8 2020, 13:42:34)  [Clang 4.0.1 (tags/RELEASE_401/final)]
	dms_tools2 version: 2.6.6
	Bio version: 1.77
	pandas version: 0.25.3
	numpy version: 1.18.2
	IPython version: 7.19.0
	jupyter version unknown
	matplotlib version: 3.2.2
	plotnine version: 0.7.0
	natsort version: 7.0.1
	pystan version: 2.19.1.1
	scipy version: 1.4.1
	seaborn version: 0.11.0
	phydmslib version: 2.3.8
	statsmodels version: 0.11.1
	rpy2 cannot be imported
	regex version: 2.5.77
	umi_tools version: 1.0.1

2021-03-28 17:00:35,419 - INFO - Parsed the following arguments:
	outdir = ./exp2_results/codoncounts
	ncpus = 1
	use_existing = no
	refseq = ./data/Bru_Pol.fasta
	alignspecs = ['205,504,35,34']
	bclen = 8
	fastqdir = ./results/FASTQ_files/
	R2 = None
	R1trim = [200]
	R2trim = [170]
	bclen2 = None
	chartype = codon
	maxmuts = 33
	minq = 17
	minreads = 2
	minfraccall = 0.95
	minconcur = 0.75
	sitemask = ./data/sitemask.csv
	purgeread = 0
	purgebc = 0
	bcinfo = True
	bcinfo_csv = True
	batchfile = ./exp2_results/codoncounts/batch.csv
	summaryprefix = summary

2021-03-28 17:00:35,420 - INFO - Parsing sample info from ./exp2_results/codoncounts/batch.csv
2021-03-28 17:00:35,437 - INFO - Read the following sample information:
name,R1
A3C-A3H2-1,A3C-A3H2-1_R1.fastq.gz
A3C-A3H2-2,A3C-A3H2-2_R1.fastq.gz
A3C-A3H2-3,A3C-A3H2-3_R1.fastq.gz
A3G-1,A3G-1_R1.fastq.gz
A3G-2,A3G-2_R1.fastq.gz
A3G-3,A3G-3_R1.fastq.gz
NoA3-1,NoA3-1_R1.fastq.gz
NoA3-2,NoA3-2_R1.fastq.gz
NoA3-3,NoA3-3_R1.fastq.gz
PlasmidCtrl,PlasmidCtrl_R1.fastq.gz


2021-03-28 17:00:35,787 - INFO - Removing existing file ./exp2_results/codoncounts/summary_readstats.pdf
2021-03-28 17:00:35,790 - INFO - Removing existing file ./exp2_results/codoncounts/summary_bcstats.pdf
2021-03-28 17:00:35,790 - INFO - Removing existing file ./exp2_results/codoncounts/summary_readsperbc.pdf
2021-03-28 17:00:35,794 - INFO - Removing existing file ./exp2_results/codoncounts/summary_depth.pdf
2021-03-28 17:00:35,795 - INFO - Removing existing file ./exp2_results/codoncounts/summary_mutfreq.pdf
2021-03-28 17:00:35,795 - INFO - Removing existing file ./exp2_results/codoncounts/summary_codonmuttypes.pdf
2021-03-28 17:00:35,798 - INFO - Removing existing file ./exp2_results/codoncounts/summary_codonmuttypes.csv
2021-03-28 17:00:35,798 - INFO - Removing existing file ./exp2_results/codoncounts/summary_codonntchanges.pdf
2021-03-28 17:00:35,799 - INFO - Removing existing file ./exp2_results/codoncounts/summary_singlentchanges.pdf
2021-03-28 17:00:35,801 - INFO - Removing existing file ./exp2_results/codoncounts/summary_cumulmutcounts.pdf
2021-03-28 17:00:35,806 - INFO - Running dms2_bcsubamp on all samples using 1 CPUs...
2021-03-28 17:01:26,744 - INFO - Completed runs of dms2_bcsubamp.

2021-03-28 17:01:26,750 - ERROR - Terminating dms2_batch_bcsubamp with ERROR
Traceback (most recent call last):
  File "/opt/anaconda3/bin/dms2_batch_bcsubamp", line 152, in main
    '\n'.join(logfiles.values)))
AssertionError: Did not create all these files:
./exp2_results/codoncounts/A3C-A3H2-1_codoncounts.csv
./exp2_results/codoncounts/A3C-A3H2-2_codoncounts.csv
./exp2_results/codoncounts/A3C-A3H2-3_codoncounts.csv
./exp2_results/codoncounts/A3G-1_codoncounts.csv
./exp2_results/codoncounts/A3G-2_codoncounts.csv
./exp2_results/codoncounts/A3G-3_codoncounts.csv
./exp2_results/codoncounts/NoA3-1_codoncounts.csv
./exp2_results/codoncounts/NoA3-2_codoncounts.csv
./exp2_results/codoncounts/NoA3-3_codoncounts.csv
./exp2_results/codoncounts/PlasmidCtrl_codoncounts.csv

Look in following log files for details of what went wrong:
./exp2_results/codoncounts/A3C-A3H2-1.log
./exp2_results/codoncounts/A3C-A3H2-2.log
./exp2_results/codoncounts/A3C-A3H2-3.log
./exp2_results/codoncounts/A3G-1.log
./exp2_results/codoncounts/A3G-2.log
./exp2_results/codoncounts/A3G-3.log
./exp2_results/codoncounts/NoA3-1.log
./exp2_results/codoncounts/NoA3-2.log
./exp2_results/codoncounts/NoA3-3.log
./exp2_results/codoncounts/PlasmidCtrl.log
